The origin list
size: 5
data: foo
data: bar
data: bim
data: baz
data: quux
Delete the last item in the list
size: 4
data: foo
data: bar
data: bim
data: baz
append another item
size: 5
data: foo
data: bar
data: bim
data: baz
data: Quux
access by index
here is a node: 758
modify by index
Modified node by index: 1515
This list has 5 elements.
data: 627
data: 758
data: 113
data: 101
data: 1515
Found 627 in the list.
Now we try to Delete an item
List now has 4 elements
data: 627
data: 758
data: 101
data: 1515
Delete the first item in the list
size: 3
data: 758
data: 101
data: 1515
Delete the last item in the list
size: 2
data: 758
data: 101
The origin list
data: foo
data: bar
data: bim
data: baz
data: quux
Reverse the list
data: quux
data: baz
data: bim
data: bar
data: foo
The origin list
data: foo
data: bar
data: bim
data: baz
data: quux
Sort the list
data: bar
data: baz
data: bim
data: foo
data: quux
access by index
here is a node: bar
modify by index
Modified node by index: Quux
This list has 5 elements.
data: foo
data: bar
data: bim
data: baz
data: Quux
Found foo in the list.
Now we try to Delete an item
List now has 4 elements
data: foo
data: bar
data: baz
data: Quux
Delete the first item in the list
size: 3
data: bar
data: baz
data: Quux
Delete the last item in the list
size: 2
data: bar
data: baz
